// Conversation Pool Fragment List

// General Fragments:
// ==================
bdefault
britanni
needs

// Local Fragments:
// ================
britain
magincia
bucden
cove
jhelom
moonglow
nujelm
serphold
skara
trinsic
vesper
wind
yew

// Job Fragments:
// ==============
acceptitem
refuseitem
internalspace
scavenger
needresponse
beggar
scholar
monk
sculptor
servant
shipwright
tailor
tinker
weaver
artist
architect
realtor
alchemist
baker
beekeeper
brigand
carpenter
cashual
cobbler
furtrader
gambler
glassblower
gypsy
herbalist
jailor
jeweler
master
mayor
judge
miner
rancher
animal
horse
blacksmith
fighter
fisher
greetings
convinit
noble
bowyer
paladin
prisoner
sailor
pirate
waiter
weaponsmith
shopkeep
actor
armourer
healer
mage
bard
farmer
cook
guard
laborer
thief
innkeeper
tavkeep
minter
miller
vet
weaponstrainer
runner
priest
shepherd
ranger
tanner
mapmaker
banker

// End of File
